#! /c/Source/iverilog-install/bin/vvp
:ivl_version "12.0 (devel)" "(s20150603-1110-g18392a46)";
:ivl_delay_selection "TYPICAL";
:vpi_time_precision - 12;
:vpi_module "C:\iverilog\lib\ivl\system.vpi";
:vpi_module "C:\iverilog\lib\ivl\vhdl_sys.vpi";
:vpi_module "C:\iverilog\lib\ivl\vhdl_textio.vpi";
:vpi_module "C:\iverilog\lib\ivl\v2005_math.vpi";
:vpi_module "C:\iverilog\lib\ivl\va_math.vpi";
S_000002b87c446980 .scope module, "MUX_2_to_1" "MUX_2_to_1" 2 2;
 .timescale -8 -12;
    .port_info 0 /OUTPUT 1 "out";
    .port_info 1 /INPUT 1 "a";
    .port_info 2 /INPUT 1 "b";
    .port_info 3 /INPUT 1 "sel";
o000002b87c3370f8 .functor BUFZ 1, C4<z>; HiZ drive
L_000002b87c334ed0/d .functor NOT 1, o000002b87c3370f8, C4<0>, C4<0>, C4<0>;
L_000002b87c334ed0 .delay 1 (10000,10000,10000) L_000002b87c334ed0/d;
o000002b87c336fd8 .functor BUFZ 1, C4<z>; HiZ drive
L_000002b87c446cf0/d .functor AND 1, o000002b87c336fd8, L_000002b87c334ed0, C4<1>, C4<1>;
L_000002b87c446cf0 .delay 1 (20000,20000,20000) L_000002b87c446cf0/d;
o000002b87c337068 .functor BUFZ 1, C4<z>; HiZ drive
L_000002b87c44e770/d .functor AND 1, o000002b87c337068, o000002b87c3370f8, C4<1>, C4<1>;
L_000002b87c44e770 .delay 1 (20000,20000,20000) L_000002b87c44e770/d;
o000002b87c337038 .functor BUFZ 1, C4<z>; HiZ drive
L_000002b87c44e7e0/d .functor OR 1, L_000002b87c446cf0, o000002b87c337038, C4<0>, C4<0>;
L_000002b87c44e7e0 .delay 1 (10000,10000,10000) L_000002b87c44e7e0/d;
v000002b87c447160_0 .net "a", 0 0, o000002b87c336fd8;  0 drivers
v000002b87c446b10_0 .net "a1", 0 0, L_000002b87c446cf0;  1 drivers
v000002b87c446bb0_0 .net "a2", 0 0, o000002b87c337038;  0 drivers
v000002b87c446c50_0 .net "b", 0 0, o000002b87c337068;  0 drivers
v000002b87c44dce0_0 .net "b1", 0 0, L_000002b87c44e770;  1 drivers
v000002b87c44dd80_0 .net "out", 0 0, L_000002b87c44e7e0;  1 drivers
v000002b87c44de20_0 .net "sel", 0 0, o000002b87c3370f8;  0 drivers
v000002b87c44dec0_0 .net "sel_", 0 0, L_000002b87c334ed0;  1 drivers
# The file index is used to find the file name in the following table.
:file_names 3;
    "N/A";
    "<interactive>";
    "timescale1.v";
