#! /c/Source/iverilog-install/bin/vvp
:ivl_version "12.0 (devel)" "(s20150603-1110-g18392a46)";
:ivl_delay_selection "TYPICAL";
:vpi_time_precision + 0;
:vpi_module "C:\iverilog\lib\ivl\system.vpi";
:vpi_module "C:\iverilog\lib\ivl\vhdl_sys.vpi";
:vpi_module "C:\iverilog\lib\ivl\vhdl_textio.vpi";
:vpi_module "C:\iverilog\lib\ivl\v2005_math.vpi";
:vpi_module "C:\iverilog\lib\ivl\va_math.vpi";
S_000001c573696970 .scope module, "mux2to1_beh2" "mux2to1_beh2" 2 1;
 .timescale 0 0;
    .port_info 0 /INPUT 1 "a";
    .port_info 1 /INPUT 1 "b";
    .port_info 2 /INPUT 1 "s";
    .port_info 3 /OUTPUT 1 "out";
o000001c5736e6fd8 .functor BUFZ 1, C4<z>; HiZ drive
v000001c573697150_0 .net "a", 0 0, o000001c5736e6fd8;  0 drivers
o000001c5736e7008 .functor BUFZ 1, C4<z>; HiZ drive
v000001c573696b00_0 .net "b", 0 0, o000001c5736e7008;  0 drivers
v000001c573696ba0_0 .var "out", 0 0;
o000001c5736e7068 .functor BUFZ 1, C4<z>; HiZ drive
v000001c573696c40_0 .net "s", 0 0, o000001c5736e7068;  0 drivers
E_000001c5736e5330 .event anyedge, v000001c573696c40_0, v000001c573696b00_0, v000001c573697150_0;
    .scope S_000001c573696970;
T_0 ;
    %wait E_000001c5736e5330;
    %load/vec4 v000001c573696c40_0;
    %dup/vec4;
    %pushi/vec4 0, 0, 1;
    %cmp/u;
    %jmp/1 T_0.0, 6;
    %dup/vec4;
    %pushi/vec4 1, 0, 1;
    %cmp/u;
    %jmp/1 T_0.1, 6;
    %pushi/vec4 1, 1, 1;
    %store/vec4 v000001c573696ba0_0, 0, 1;
    %jmp T_0.3;
T_0.0 ;
    %load/vec4 v000001c573697150_0;
    %store/vec4 v000001c573696ba0_0, 0, 1;
    %jmp T_0.3;
T_0.1 ;
    %load/vec4 v000001c573696b00_0;
    %store/vec4 v000001c573696ba0_0, 0, 1;
    %jmp T_0.3;
T_0.3 ;
    %pop/vec4 1;
    %jmp T_0;
    .thread T_0, $push;
# The file index is used to find the file name in the following table.
:file_names 3;
    "N/A";
    "<interactive>";
    "mux2to1_beh_case.v";
