#! /c/Source/iverilog-install/bin/vvp
:ivl_version "12.0 (devel)" "(s20150603-1110-g18392a46)";
:ivl_delay_selection "TYPICAL";
:vpi_time_precision + 0;
:vpi_module "C:\iverilog\lib\ivl\system.vpi";
:vpi_module "C:\iverilog\lib\ivl\vhdl_sys.vpi";
:vpi_module "C:\iverilog\lib\ivl\vhdl_textio.vpi";
:vpi_module "C:\iverilog\lib\ivl\v2005_math.vpi";
:vpi_module "C:\iverilog\lib\ivl\va_math.vpi";
S_00000224d3996970 .scope module, "mux4to1_beh" "mux4to1_beh" 2 1;
 .timescale 0 0;
    .port_info 0 /INPUT 1 "i0";
    .port_info 1 /INPUT 1 "i1";
    .port_info 2 /INPUT 1 "i2";
    .port_info 3 /INPUT 1 "i3";
    .port_info 4 /INPUT 1 "s0";
    .port_info 5 /INPUT 1 "s1";
    .port_info 6 /OUTPUT 1 "out";
o00000224d3886fd8 .functor BUFZ 1, C4<z>; HiZ drive
v00000224d3996b80_0 .net "i0", 0 0, o00000224d3886fd8;  0 drivers
o00000224d3887008 .functor BUFZ 1, C4<z>; HiZ drive
v00000224d3996c20_0 .net "i1", 0 0, o00000224d3887008;  0 drivers
o00000224d3887038 .functor BUFZ 1, C4<z>; HiZ drive
v00000224d3996cc0_0 .net "i2", 0 0, o00000224d3887038;  0 drivers
o00000224d3887068 .functor BUFZ 1, C4<z>; HiZ drive
v00000224d399b960_0 .net "i3", 0 0, o00000224d3887068;  0 drivers
v00000224d399ba00_0 .var "out", 0 0;
o00000224d38870c8 .functor BUFZ 1, C4<z>; HiZ drive
v00000224d399baa0_0 .net "s0", 0 0, o00000224d38870c8;  0 drivers
o00000224d38870f8 .functor BUFZ 1, C4<z>; HiZ drive
v00000224d399bb40_0 .net "s1", 0 0, o00000224d38870f8;  0 drivers
E_00000224d399cb80/0 .event anyedge, v00000224d399bb40_0, v00000224d399baa0_0, v00000224d399b960_0, v00000224d3996cc0_0;
E_00000224d399cb80/1 .event anyedge, v00000224d3996c20_0, v00000224d3996b80_0;
E_00000224d399cb80 .event/or E_00000224d399cb80/0, E_00000224d399cb80/1;
    .scope S_00000224d3996970;
T_0 ;
    %wait E_00000224d399cb80;
    %load/vec4 v00000224d399baa0_0;
    %load/vec4 v00000224d399bb40_0;
    %concat/vec4; draw_concat_vec4
    %cmpi/e 0, 0, 2;
    %jmp/0xz  T_0.0, 4;
    %load/vec4 v00000224d3996b80_0;
    %store/vec4 v00000224d399ba00_0, 0, 1;
    %jmp T_0.1;
T_0.0 ;
    %load/vec4 v00000224d399baa0_0;
    %load/vec4 v00000224d399bb40_0;
    %concat/vec4; draw_concat_vec4
    %cmpi/e 1, 0, 2;
    %jmp/0xz  T_0.2, 4;
    %load/vec4 v00000224d3996c20_0;
    %store/vec4 v00000224d399ba00_0, 0, 1;
    %jmp T_0.3;
T_0.2 ;
    %load/vec4 v00000224d399baa0_0;
    %load/vec4 v00000224d399bb40_0;
    %concat/vec4; draw_concat_vec4
    %cmpi/e 2, 0, 2;
    %jmp/0xz  T_0.4, 4;
    %load/vec4 v00000224d3996cc0_0;
    %store/vec4 v00000224d399ba00_0, 0, 1;
    %jmp T_0.5;
T_0.4 ;
    %load/vec4 v00000224d399baa0_0;
    %load/vec4 v00000224d399bb40_0;
    %concat/vec4; draw_concat_vec4
    %cmpi/e 3, 0, 2;
    %jmp/0xz  T_0.6, 4;
    %load/vec4 v00000224d399b960_0;
    %store/vec4 v00000224d399ba00_0, 0, 1;
    %jmp T_0.7;
T_0.6 ;
    %pushi/vec4 1, 1, 1;
    %store/vec4 v00000224d399ba00_0, 0, 1;
T_0.7 ;
T_0.5 ;
T_0.3 ;
T_0.1 ;
    %jmp T_0;
    .thread T_0, $push;
# The file index is used to find the file name in the following table.
:file_names 3;
    "N/A";
    "<interactive>";
    "mux4to1_beh_ifelse.v";
