#! /c/Source/iverilog-install/bin/vvp
:ivl_version "12.0 (devel)" "(s20150603-1110-g18392a46)";
:ivl_delay_selection "TYPICAL";
:vpi_time_precision + 0;
:vpi_module "C:\iverilog\lib\ivl\system.vpi";
:vpi_module "C:\iverilog\lib\ivl\vhdl_sys.vpi";
:vpi_module "C:\iverilog\lib\ivl\vhdl_textio.vpi";
:vpi_module "C:\iverilog\lib\ivl\v2005_math.vpi";
:vpi_module "C:\iverilog\lib\ivl\va_math.vpi";
S_00000150ac1e6e20 .scope module, "xor_gate" "xor_gate" 2 1;
 .timescale 0 0;
    .port_info 0 /INPUT 1 "a";
    .port_info 1 /INPUT 1 "b";
    .port_info 2 /OUTPUT 1 "out";
o00000150ac1e6fb8 .functor BUFZ 1, C4<z>; HiZ drive
o00000150ac1e6fe8 .functor BUFZ 1, C4<z>; HiZ drive
L_00000150ac196ea0 .functor XOR 1, o00000150ac1e6fb8, o00000150ac1e6fe8, C4<0>, C4<0>;
v00000150ac1970a0_0 .net "a", 0 0, o00000150ac1e6fb8;  0 drivers
v00000150ac196cb0_0 .net "b", 0 0, o00000150ac1e6fe8;  0 drivers
v00000150ac19d850_0 .net "out", 0 0, L_00000150ac196ea0;  1 drivers
# The file index is used to find the file name in the following table.
:file_names 3;
    "N/A";
    "<interactive>";
    "xor.v";
