#! /c/Source/iverilog-install/bin/vvp
:ivl_version "12.0 (devel)" "(s20150603-1110-g18392a46)";
:ivl_delay_selection "TYPICAL";
:vpi_time_precision + 0;
:vpi_module "C:\iverilog\lib\ivl\system.vpi";
:vpi_module "C:\iverilog\lib\ivl\vhdl_sys.vpi";
:vpi_module "C:\iverilog\lib\ivl\vhdl_textio.vpi";
:vpi_module "C:\iverilog\lib\ivl\v2005_math.vpi";
:vpi_module "C:\iverilog\lib\ivl\va_math.vpi";
S_0000021668766870 .scope module, "mux2to1_gate" "mux2to1_gate" 2 1;
 .timescale 0 0;
    .port_info 0 /INPUT 1 "a";
    .port_info 1 /INPUT 1 "b";
    .port_info 2 /INPUT 1 "s";
    .port_info 3 /OUTPUT 1 "out";
o00000216686370c8 .functor BUFZ 1, C4<z>; HiZ drive
L_0000021668634eb0 .functor NOT 1, o00000216686370c8, C4<0>, C4<0>, C4<0>;
o0000021668637008 .functor BUFZ 1, C4<z>; HiZ drive
L_000002166876d780 .functor AND 1, o0000021668637008, o00000216686370c8, C4<1>, C4<1>;
o0000021668636fd8 .functor BUFZ 1, C4<z>; HiZ drive
L_000002166876d7f0 .functor AND 1, o0000021668636fd8, L_0000021668634eb0, C4<1>, C4<1>;
L_000002166876d860 .functor OR 1, L_000002166876d780, L_000002166876d7f0, C4<0>, C4<0>;
v0000021668766a00_0 .net "a", 0 0, o0000021668636fd8;  0 drivers
v0000021668766aa0_0 .net "b", 0 0, o0000021668637008;  0 drivers
v0000021668766b40_0 .net "net1", 0 0, L_000002166876d780;  1 drivers
v0000021668766be0_0 .net "net2", 0 0, L_000002166876d7f0;  1 drivers
v0000021668766c80_0 .net "out", 0 0, L_000002166876d860;  1 drivers
v000002166876d640_0 .net "s", 0 0, o00000216686370c8;  0 drivers
v000002166876d6e0_0 .net "sbar", 0 0, L_0000021668634eb0;  1 drivers
# The file index is used to find the file name in the following table.
:file_names 3;
    "N/A";
    "<interactive>";
    "mux2to1_gate_lpi.v";
