#! /c/Source/iverilog-install/bin/vvp
:ivl_version "12.0 (devel)" "(s20150603-1110-g18392a46)";
:ivl_delay_selection "TYPICAL";
:vpi_time_precision + 0;
:vpi_module "C:\iverilog\lib\ivl\system.vpi";
:vpi_module "C:\iverilog\lib\ivl\vhdl_sys.vpi";
:vpi_module "C:\iverilog\lib\ivl\vhdl_textio.vpi";
:vpi_module "C:\iverilog\lib\ivl\v2005_math.vpi";
:vpi_module "C:\iverilog\lib\ivl\va_math.vpi";
S_000001e2de70ee30 .scope module, "mux4to1_beh" "mux4to1_beh" 2 1;
 .timescale 0 0;
    .port_info 0 /INPUT 1 "i0";
    .port_info 1 /INPUT 1 "i1";
    .port_info 2 /INPUT 1 "i2";
    .port_info 3 /INPUT 1 "i3";
    .port_info 4 /INPUT 1 "s0";
    .port_info 5 /INPUT 1 "s1";
    .port_info 6 /OUTPUT 1 "out";
o000001e2de626fb8 .functor BUFZ 1, C4<z>; HiZ drive
v000001e2de7068e0_0 .net "i0", 0 0, o000001e2de626fb8;  0 drivers
o000001e2de626fe8 .functor BUFZ 1, C4<z>; HiZ drive
v000001e2de706980_0 .net "i1", 0 0, o000001e2de626fe8;  0 drivers
o000001e2de627018 .functor BUFZ 1, C4<z>; HiZ drive
v000001e2de706a20_0 .net "i2", 0 0, o000001e2de627018;  0 drivers
o000001e2de627048 .functor BUFZ 1, C4<z>; HiZ drive
v000001e2de706ac0_0 .net "i3", 0 0, o000001e2de627048;  0 drivers
v000001e2de706b60_0 .var "out", 0 0;
o000001e2de6270a8 .functor BUFZ 1, C4<z>; HiZ drive
v000001e2de706c00_0 .net "s0", 0 0, o000001e2de6270a8;  0 drivers
o000001e2de6270d8 .functor BUFZ 1, C4<z>; HiZ drive
v000001e2de706ca0_0 .net "s1", 0 0, o000001e2de6270d8;  0 drivers
E_000001e2de70c020/0 .event anyedge, v000001e2de706ca0_0, v000001e2de706c00_0, v000001e2de706ac0_0, v000001e2de706a20_0;
E_000001e2de70c020/1 .event anyedge, v000001e2de706980_0, v000001e2de7068e0_0;
E_000001e2de70c020 .event/or E_000001e2de70c020/0, E_000001e2de70c020/1;
    .scope S_000001e2de70ee30;
T_0 ;
    %wait E_000001e2de70c020;
    %load/vec4 v000001e2de706c00_0;
    %load/vec4 v000001e2de706ca0_0;
    %concat/vec4; draw_concat_vec4
    %dup/vec4;
    %pushi/vec4 0, 0, 2;
    %cmp/u;
    %jmp/1 T_0.0, 6;
    %dup/vec4;
    %pushi/vec4 1, 0, 2;
    %cmp/u;
    %jmp/1 T_0.1, 6;
    %dup/vec4;
    %pushi/vec4 2, 0, 2;
    %cmp/u;
    %jmp/1 T_0.2, 6;
    %dup/vec4;
    %pushi/vec4 3, 0, 2;
    %cmp/u;
    %jmp/1 T_0.3, 6;
    %pushi/vec4 1, 1, 1;
    %store/vec4 v000001e2de706b60_0, 0, 1;
    %jmp T_0.5;
T_0.0 ;
    %load/vec4 v000001e2de7068e0_0;
    %store/vec4 v000001e2de706b60_0, 0, 1;
    %jmp T_0.5;
T_0.1 ;
    %load/vec4 v000001e2de706980_0;
    %store/vec4 v000001e2de706b60_0, 0, 1;
    %jmp T_0.5;
T_0.2 ;
    %load/vec4 v000001e2de706a20_0;
    %store/vec4 v000001e2de706b60_0, 0, 1;
    %jmp T_0.5;
T_0.3 ;
    %load/vec4 v000001e2de706ac0_0;
    %store/vec4 v000001e2de706b60_0, 0, 1;
    %jmp T_0.5;
T_0.5 ;
    %pop/vec4 1;
    %jmp T_0;
    .thread T_0, $push;
# The file index is used to find the file name in the following table.
:file_names 3;
    "N/A";
    "<interactive>";
    "mux4to1_beh_case.v";
