#! /c/Source/iverilog-install/bin/vvp
:ivl_version "12.0 (devel)" "(s20150603-1110-g18392a46)";
:ivl_delay_selection "TYPICAL";
:vpi_time_precision + 0;
:vpi_module "C:\iverilog\lib\ivl\system.vpi";
:vpi_module "C:\iverilog\lib\ivl\vhdl_sys.vpi";
:vpi_module "C:\iverilog\lib\ivl\vhdl_textio.vpi";
:vpi_module "C:\iverilog\lib\ivl\v2005_math.vpi";
:vpi_module "C:\iverilog\lib\ivl\va_math.vpi";
S_00000262d7e0ecc0 .scope module, "counter" "counter" 2 1;
 .timescale 0 0;
    .port_info 0 /INPUT 1 "clk";
    .port_info 1 /INPUT 1 "rst";
    .port_info 2 /OUTPUT 4 "count";
o00000262d7d06f98 .functor BUFZ 1, C4<z>; HiZ drive
v00000262d7e0ee50_0 .net "clk", 0 0, o00000262d7d06f98;  0 drivers
v00000262d7e06cd0_0 .var "clk_div", 0 0;
v00000262d7e0eef0_0 .var "count", 3 0;
o00000262d7d07028 .functor BUFZ 1, C4<z>; HiZ drive
v00000262d7e0b840_0 .net "rst", 0 0, o00000262d7d07028;  0 drivers
v00000262d7e0b8e0_0 .var "temp", 25 0;
E_00000262d7e0d320 .event posedge, v00000262d7e06cd0_0;
E_00000262d7e0cea0 .event posedge, v00000262d7e0ee50_0;
    .scope S_00000262d7e0ecc0;
T_0 ;
    %wait E_00000262d7e0cea0;
    %load/vec4 v00000262d7e0b840_0;
    %flag_set/vec4 8;
    %jmp/0xz  T_0.0, 8;
    %pushi/vec4 0, 0, 26;
    %store/vec4 v00000262d7e0b8e0_0, 0, 26;
    %pushi/vec4 0, 0, 1;
    %assign/vec4 v00000262d7e06cd0_0, 0;
    %jmp T_0.1;
T_0.0 ;
    %load/vec4 v00000262d7e0b8e0_0;
    %addi 1, 0, 26;
    %assign/vec4 v00000262d7e0b8e0_0, 0;
    %load/vec4 v00000262d7e0b8e0_0;
    %parti/s 1, 20, 6;
    %assign/vec4 v00000262d7e06cd0_0, 0;
T_0.1 ;
    %jmp T_0;
    .thread T_0;
    .scope S_00000262d7e0ecc0;
T_1 ;
    %wait E_00000262d7e0d320;
    %load/vec4 v00000262d7e0b840_0;
    %flag_set/vec4 8;
    %jmp/0xz  T_1.0, 8;
    %pushi/vec4 0, 0, 4;
    %assign/vec4 v00000262d7e0eef0_0, 0;
    %jmp T_1.1;
T_1.0 ;
    %load/vec4 v00000262d7e0eef0_0;
    %addi 1, 0, 4;
    %assign/vec4 v00000262d7e0eef0_0, 0;
T_1.1 ;
    %jmp T_1;
    .thread T_1;
# The file index is used to find the file name in the following table.
:file_names 3;
    "N/A";
    "<interactive>";
    "counter4bit.v";
