#! /c/Source/iverilog-install/bin/vvp
:ivl_version "12.0 (devel)" "(s20150603-1110-g18392a46)";
:ivl_delay_selection "TYPICAL";
:vpi_time_precision + 0;
:vpi_module "C:\iverilog\lib\ivl\system.vpi";
:vpi_module "C:\iverilog\lib\ivl\vhdl_sys.vpi";
:vpi_module "C:\iverilog\lib\ivl\vhdl_textio.vpi";
:vpi_module "C:\iverilog\lib\ivl\v2005_math.vpi";
:vpi_module "C:\iverilog\lib\ivl\va_math.vpi";
S_000001ecf044a790 .scope module, "plot_mux4to1_gate_lpi" "plot_mux4to1_gate_lpi" 2 1;
 .timescale 0 0;
L_000001ecf0446d10 .functor NOT 1, v000001ecf038cb40_0, C4<0>, C4<0>, C4<0>;
L_000001ecf0446f10 .functor NOT 1, v000001ecf0343da0_0, C4<0>, C4<0>, C4<0>;
L_000001ecf044a920 .functor AND 1, v000001ecf04470b0_0, L_000001ecf0446d10, L_000001ecf0446f10, C4<1>;
L_000001ecf038cbe0 .functor AND 1, v000001ecf0344e30_0, L_000001ecf0446d10, v000001ecf0343da0_0, C4<1>;
L_000001ecf038cc50 .functor AND 1, v000001ecf0344fb0_0, v000001ecf038cb40_0, L_000001ecf0446f10, C4<1>;
L_000001ecf038ccc0 .functor AND 1, v000001ecf0446c70_0, v000001ecf038cb40_0, v000001ecf0343da0_0, C4<1>;
L_000001ecf038cd30 .functor OR 1, L_000001ecf044a920, L_000001ecf038cbe0, L_000001ecf038cc50, L_000001ecf038ccc0;
v000001ecf04470b0_0 .var "i0", 0 0;
v000001ecf0344e30_0 .var "i1", 0 0;
v000001ecf0344fb0_0 .var "i2", 0 0;
v000001ecf0446c70_0 .var "i3", 0 0;
v000001ecf038c820_0 .net "net1", 0 0, L_000001ecf044a920;  1 drivers
v000001ecf038c8c0_0 .net "net2", 0 0, L_000001ecf038cbe0;  1 drivers
v000001ecf038c960_0 .net "net3", 0 0, L_000001ecf038cc50;  1 drivers
v000001ecf038ca00_0 .net "net4", 0 0, L_000001ecf038ccc0;  1 drivers
v000001ecf038caa0_0 .net "out", 0 0, L_000001ecf038cd30;  1 drivers
v000001ecf038cb40_0 .var "s0", 0 0;
v000001ecf0343a80_0 .net "s0bar", 0 0, L_000001ecf0446d10;  1 drivers
v000001ecf0343da0_0 .var "s1", 0 0;
v000001ecf0343e40_0 .net "s1bar", 0 0, L_000001ecf0446f10;  1 drivers
    .scope S_000001ecf044a790;
T_0 ;
    %pushi/vec4 0, 0, 1;
    %store/vec4 v000001ecf04470b0_0, 0, 1;
    %pushi/vec4 1, 0, 1;
    %store/vec4 v000001ecf0344e30_0, 0, 1;
    %pushi/vec4 0, 0, 1;
    %store/vec4 v000001ecf0344fb0_0, 0, 1;
    %vpi_call 2 13 "$dumpfile", "plot_mux4to1_gate_lpi.vcd" {0 0 0};
    %vpi_call 2 14 "$dumpvars", 32'sb00000000000000000000000000000000, S_000001ecf044a790 {0 0 0};
    %pushi/vec4 1, 0, 1;
    %store/vec4 v000001ecf0446c70_0, 0, 1;
    %pushi/vec4 0, 0, 1;
    %store/vec4 v000001ecf038cb40_0, 0, 1;
    %pushi/vec4 0, 0, 1;
    %store/vec4 v000001ecf0343da0_0, 0, 1;
    %delay 10, 0;
    %pushi/vec4 1, 0, 1;
    %store/vec4 v000001ecf0446c70_0, 0, 1;
    %pushi/vec4 0, 0, 1;
    %store/vec4 v000001ecf038cb40_0, 0, 1;
    %pushi/vec4 1, 0, 1;
    %store/vec4 v000001ecf0343da0_0, 0, 1;
    %delay 10, 0;
    %pushi/vec4 1, 0, 1;
    %store/vec4 v000001ecf0446c70_0, 0, 1;
    %pushi/vec4 1, 0, 1;
    %store/vec4 v000001ecf038cb40_0, 0, 1;
    %pushi/vec4 0, 0, 1;
    %store/vec4 v000001ecf0343da0_0, 0, 1;
    %delay 10, 0;
    %pushi/vec4 1, 0, 1;
    %store/vec4 v000001ecf0446c70_0, 0, 1;
    %pushi/vec4 1, 0, 1;
    %store/vec4 v000001ecf038cb40_0, 0, 1;
    %pushi/vec4 1, 0, 1;
    %store/vec4 v000001ecf0343da0_0, 0, 1;
    %delay 10, 0;
    %end;
    .thread T_0;
# The file index is used to find the file name in the following table.
:file_names 3;
    "N/A";
    "<interactive>";
    "plot_mux4to1_gate_lpi.v";
