#! /c/Source/iverilog-install/bin/vvp
:ivl_version "12.0 (devel)" "(s20150603-1110-g18392a46)";
:ivl_delay_selection "TYPICAL";
:vpi_time_precision + 0;
:vpi_module "C:\iverilog\lib\ivl\system.vpi";
:vpi_module "C:\iverilog\lib\ivl\vhdl_sys.vpi";
:vpi_module "C:\iverilog\lib\ivl\vhdl_textio.vpi";
:vpi_module "C:\iverilog\lib\ivl\v2005_math.vpi";
:vpi_module "C:\iverilog\lib\ivl\va_math.vpi";
S_000001bb94d66970 .scope module, "mux2to1_beh1" "mux2to1_beh1" 2 1;
 .timescale 0 0;
    .port_info 0 /INPUT 1 "a";
    .port_info 1 /INPUT 1 "b";
    .port_info 2 /INPUT 1 "s";
    .port_info 3 /OUTPUT 1 "out";
o000001bb94db6fd8 .functor BUFZ 1, C4<z>; HiZ drive
v000001bb94d67150_0 .net "a", 0 0, o000001bb94db6fd8;  0 drivers
o000001bb94db7008 .functor BUFZ 1, C4<z>; HiZ drive
v000001bb94d66b00_0 .net "b", 0 0, o000001bb94db7008;  0 drivers
v000001bb94d66ba0_0 .var "out", 0 0;
o000001bb94db7068 .functor BUFZ 1, C4<z>; HiZ drive
v000001bb94d66c40_0 .net "s", 0 0, o000001bb94db7068;  0 drivers
E_000001bb94db5270 .event anyedge, v000001bb94d66c40_0, v000001bb94d66b00_0, v000001bb94d67150_0;
    .scope S_000001bb94d66970;
T_0 ;
    %wait E_000001bb94db5270;
    %load/vec4 v000001bb94d66c40_0;
    %flag_set/vec4 8;
    %jmp/0xz  T_0.0, 8;
    %load/vec4 v000001bb94d66b00_0;
    %store/vec4 v000001bb94d66ba0_0, 0, 1;
    %jmp T_0.1;
T_0.0 ;
    %load/vec4 v000001bb94d67150_0;
    %store/vec4 v000001bb94d66ba0_0, 0, 1;
T_0.1 ;
    %jmp T_0;
    .thread T_0, $push;
# The file index is used to find the file name in the following table.
:file_names 3;
    "N/A";
    "<interactive>";
    "mux2to1_beh_ifelse.v";
