#! /c/Source/iverilog-install/bin/vvp
:ivl_version "12.0 (devel)" "(s20150603-1110-g18392a46)";
:ivl_delay_selection "TYPICAL";
:vpi_time_precision + 0;
:vpi_module "C:\iverilog\lib\ivl\system.vpi";
:vpi_module "C:\iverilog\lib\ivl\vhdl_sys.vpi";
:vpi_module "C:\iverilog\lib\ivl\vhdl_textio.vpi";
:vpi_module "C:\iverilog\lib\ivl\v2005_math.vpi";
:vpi_module "C:\iverilog\lib\ivl\va_math.vpi";
S_0000022798326860 .scope module, "mux2to1_df1" "mux2to1_df1" 2 1;
 .timescale 0 0;
    .port_info 0 /INPUT 1 "a";
    .port_info 1 /INPUT 1 "b";
    .port_info 2 /INPUT 1 "s";
    .port_info 3 /OUTPUT 1 "out";
o0000022798377098 .functor BUFZ 1, C4<z>; HiZ drive
L_00000227983271f0 .functor NOT 1, o0000022798377098, C4<0>, C4<0>, C4<0>;
o0000022798377008 .functor BUFZ 1, C4<z>; HiZ drive
L_0000022798376d40 .functor AND 1, o0000022798377008, L_00000227983271f0, C4<1>, C4<1>;
o0000022798377038 .functor BUFZ 1, C4<z>; HiZ drive
L_0000022798374ed0 .functor AND 1, o0000022798377038, o0000022798377098, C4<1>, C4<1>;
L_000002279832e840 .functor OR 1, L_0000022798376d40, L_0000022798374ed0, C4<0>, C4<0>;
v0000022798376ca0_0 .net *"_ivl_2", 0 0, L_0000022798376d40;  1 drivers
v0000022798327150_0 .net *"_ivl_4", 0 0, L_0000022798374ed0;  1 drivers
v00000227983269f0_0 .net "a", 0 0, o0000022798377008;  0 drivers
v0000022798326a90_0 .net "b", 0 0, o0000022798377038;  0 drivers
v0000022798326b30_0 .net "out", 0 0, L_000002279832e840;  1 drivers
v0000022798326bd0_0 .net "s", 0 0, o0000022798377098;  0 drivers
v0000022798326c70_0 .net "sbar", 0 0, L_00000227983271f0;  1 drivers
# The file index is used to find the file name in the following table.
:file_names 3;
    "N/A";
    "<interactive>";
    "mux2to1_df_assign.v";
