#! /c/Source/iverilog-install/bin/vvp
:ivl_version "12.0 (devel)" "(s20150603-1110-g18392a46)";
:ivl_delay_selection "TYPICAL";
:vpi_time_precision + 0;
:vpi_module "C:\iverilog\lib\ivl\system.vpi";
:vpi_module "C:\iverilog\lib\ivl\vhdl_sys.vpi";
:vpi_module "C:\iverilog\lib\ivl\vhdl_textio.vpi";
:vpi_module "C:\iverilog\lib\ivl\v2005_math.vpi";
:vpi_module "C:\iverilog\lib\ivl\va_math.vpi";
S_0000022813f58a10 .scope module, "plot_mag_comp" "plot_mag_comp" 2 1;
 .timescale 0 0;
v0000022813f58ba0_0 .var "A", 2 0;
v0000022813f56f90_0 .net "AeqB", 0 0, L_0000022813fa3c90;  1 drivers
v0000022813f56cd0_0 .net "AgtB", 0 0, L_0000022813f5beb0;  1 drivers
v0000022813f57290_0 .net "AltB", 0 0, L_0000022813f5e9f0;  1 drivers
v0000022813f5ec70_0 .var "B", 2 0;
L_0000022813f5e9f0 .cmp/gt 3, v0000022813f5ec70_0, v0000022813f58ba0_0;
L_0000022813f5beb0 .cmp/eq 3, v0000022813f58ba0_0, v0000022813f5ec70_0;
L_0000022813fa3c90 .cmp/gt 3, v0000022813f58ba0_0, v0000022813f5ec70_0;
    .scope S_0000022813f58a10;
T_0 ;
    %vpi_call 2 8 "$dumpfile", "plot_mag_comp.vcd" {0 0 0};
    %vpi_call 2 9 "$dumpvars", 32'sb00000000000000000000000000000000, S_0000022813f58a10 {0 0 0};
    %pushi/vec4 0, 0, 3;
    %store/vec4 v0000022813f58ba0_0, 0, 3;
    %pushi/vec4 0, 0, 3;
    %store/vec4 v0000022813f5ec70_0, 0, 3;
    %delay 10, 0;
    %pushi/vec4 0, 0, 3;
    %store/vec4 v0000022813f58ba0_0, 0, 3;
    %pushi/vec4 1, 0, 3;
    %store/vec4 v0000022813f5ec70_0, 0, 3;
    %delay 10, 0;
    %pushi/vec4 1, 0, 3;
    %store/vec4 v0000022813f58ba0_0, 0, 3;
    %pushi/vec4 0, 0, 3;
    %store/vec4 v0000022813f5ec70_0, 0, 3;
    %delay 10, 0;
    %pushi/vec4 1, 0, 3;
    %store/vec4 v0000022813f58ba0_0, 0, 3;
    %pushi/vec4 1, 0, 3;
    %store/vec4 v0000022813f5ec70_0, 0, 3;
    %delay 10, 0;
    %end;
    .thread T_0;
# The file index is used to find the file name in the following table.
:file_names 3;
    "N/A";
    "<interactive>";
    "plot_mag_comp.v";
